<?xml version="1.0" encoding="UTF-8"?>
<testsuite xmlns:xsi="http://www.w3.org/2001/XMLSchema-instance" xsi:noNamespaceSchemaLocation="https://maven.apache.org/surefire/maven-surefire-plugin/xsd/surefire-test-report.xsd" name="ps.checkpoint.CalculatorTest" time="0.056" tests="6" errors="0" skipped="0" failures="0">
  <properties>
[...]
</properties>
  <testcase name="testDivideByZero" classname="ps.checkpoint.CalculatorTest" time="0.012"/>
  <testcase name="testAdd" classname="ps.checkpoint.CalculatorTest" time="0"/>
  <testcase name="testMod" classname="ps.checkpoint.CalculatorTest" time="0"/>
  <testcase name="testSubtract" classname="ps.checkpoint.CalculatorTest" time="0"/>
  <testcase name="testDivide" classname="ps.checkpoint.CalculatorTest" time="0"/>
  <testcase name="testMultiply" classname="ps.checkpoint.CalculatorTest" time="0"/>
</testsuite>